C:\USERS\BOB\DESKTOP\XERSA\PRODUCTION\XERSA.DLL
C:\Users\bob\Desktop\XeRSA\Production\XeRSA.exp
C:\Users\bob\Desktop\XeRSA\Production\XeRSA.lib
C:\Users\bob\Desktop\XeRSA\XeRSA\Production\cl.command.1.tlog
C:\Users\bob\Desktop\XeRSA\XeRSA\Production\CL.read.1.tlog
C:\Users\bob\Desktop\XeRSA\XeRSA\Production\CL.write.1.tlog
C:\Users\bob\Desktop\XeRSA\XeRSA\Production\link.15400.read.1.tlog
C:\Users\bob\Desktop\XeRSA\XeRSA\Production\link.15400.write.1.tlog
C:\Users\bob\Desktop\XeRSA\XeRSA\Production\link.15400-cvtres.read.1.tlog
C:\Users\bob\Desktop\XeRSA\XeRSA\Production\link.15400-cvtres.write.1.tlog
C:\Users\bob\Desktop\XeRSA\XeRSA\Production\link.15876.read.1.tlog
C:\Users\bob\Desktop\XeRSA\XeRSA\Production\link.15876.write.1.tlog
C:\Users\bob\Desktop\XeRSA\XeRSA\Production\link.15876-cvtres.read.1.tlog
C:\Users\bob\Desktop\XeRSA\XeRSA\Production\link.15876-cvtres.write.1.tlog
C:\Users\bob\Desktop\XeRSA\XeRSA\Production\link.17436.read.1.tlog
C:\Users\bob\Desktop\XeRSA\XeRSA\Production\link.17436.write.1.tlog
C:\Users\bob\Desktop\XeRSA\XeRSA\Production\link.17436-cvtres.read.1.tlog
C:\Users\bob\Desktop\XeRSA\XeRSA\Production\link.17436-cvtres.write.1.tlog
C:\Users\bob\Desktop\XeRSA\XeRSA\Production\link.command.1.tlog
C:\Users\bob\Desktop\XeRSA\XeRSA\Production\link.read.1.tlog
C:\Users\bob\Desktop\XeRSA\XeRSA\Production\link.write.1.tlog
C:\Users\bob\Desktop\XeRSA\XeRSA\Production\mt.command.1.tlog
C:\Users\bob\Desktop\XeRSA\XeRSA\Production\mt.read.1.tlog
C:\Users\bob\Desktop\XeRSA\XeRSA\Production\mt.write.1.tlog
C:\Users\bob\Desktop\XeRSA\XeRSA\Production\rc.command.1.tlog
C:\Users\bob\Desktop\XeRSA\XeRSA\Production\rc.read.1.tlog
C:\Users\bob\Desktop\XeRSA\XeRSA\Production\rc.write.1.tlog
C:\USERS\BOB\DESKTOP\XERSA\XERSA\PRODUCTION\STDAFX.OBJ
C:\USERS\BOB\DESKTOP\XERSA\XERSA\PRODUCTION\VC100.PDB
C:\USERS\BOB\DESKTOP\XERSA\XERSA\PRODUCTION\XERSA.DLL.INTERMEDIATE.MANIFEST
C:\USERS\BOB\DESKTOP\XERSA\XERSA\PRODUCTION\XERSA.OBJ
C:\USERS\BOB\DESKTOP\XERSA\XERSA\PRODUCTION\XERSA.RES
C:\Users\bob\Desktop\XeRSA\XeRSA\Production\XeRSA.write.1.tlog
